[DEBUG|logging_pack.py:36] 2020-11-01 00:26:21,486 > debug 모드!
[INFO|logging_pack.py:37] 2020-11-01 00:26:21,491 > info 모드!
[INFO|logging_pack.py:37] 2020-11-01 00:26:21,492 > info 모드!
[WARNING|logging_pack.py:38] 2020-11-01 00:26:21,492 > warning 모드!
[ERROR|logging_pack.py:39] 2020-11-01 00:26:21,493 > error 모드!
[WARNING|logging_pack.py:38] 2020-11-01 00:26:21,492 > warning 모드!
[CRITICAL|logging_pack.py:40] 2020-11-01 00:26:21,494 > critical 모드!
[ERROR|logging_pack.py:39] 2020-11-01 00:26:21,495 > error 모드!
[CRITICAL|logging_pack.py:40] 2020-11-01 00:26:21,495 > critical 모드!
[DEBUG|logging_pack.py:36] 2020-11-01 00:26:29,517 > debug 모드!
[INFO|logging_pack.py:37] 2020-11-01 00:26:29,518 > info 모드!
[WARNING|logging_pack.py:38] 2020-11-01 00:26:29,520 > warning 모드!
[ERROR|logging_pack.py:39] 2020-11-01 00:26:29,520 > error 모드!
[CRITICAL|logging_pack.py:40] 2020-11-01 00:26:29,520 > critical 모드!
[DEBUG|logging_pack.py:36] 2020-11-01 00:27:26,770 > debug 모드!
[INFO|logging_pack.py:37] 2020-11-01 00:27:26,770 > info 모드!
[WARNING|logging_pack.py:38] 2020-11-01 00:27:26,770 > warning 모드!
[ERROR|logging_pack.py:39] 2020-11-01 00:27:26,771 > error 모드!
[CRITICAL|logging_pack.py:40] 2020-11-01 00:27:26,771 > critical 모드!
[DEBUG|logging_pack.py:36] 2020-11-01 00:28:00,295 > debug 모드!
[INFO|logging_pack.py:37] 2020-11-01 00:28:00,297 > info 모드!
[WARNING|logging_pack.py:38] 2020-11-01 00:28:00,297 > warning 모드!
[ERROR|logging_pack.py:39] 2020-11-01 00:28:00,300 > error 모드!
[CRITICAL|logging_pack.py:40] 2020-11-01 00:28:00,301 > critical 모드!
[DEBUG|logging_pack.py:36] 2020-11-01 00:28:00,337 > debug 모드!
[INFO|logging_pack.py:37] 2020-11-01 00:28:00,338 > info 모드!
[WARNING|logging_pack.py:38] 2020-11-01 00:28:00,339 > warning 모드!
[ERROR|logging_pack.py:39] 2020-11-01 00:28:00,341 > error 모드!
[CRITICAL|logging_pack.py:40] 2020-11-01 00:28:00,342 > critical 모드!
[DEBUG|logging_pack.py:36] 2020-11-01 00:28:00,362 > debug 모드!
[INFO|logging_pack.py:37] 2020-11-01 00:28:00,363 > info 모드!
[WARNING|logging_pack.py:38] 2020-11-01 00:28:00,363 > warning 모드!
[ERROR|logging_pack.py:39] 2020-11-01 00:28:00,364 > error 모드!
[CRITICAL|logging_pack.py:40] 2020-11-01 00:28:00,368 > critical 모드!
[DEBUG|logging_pack.py:36] 2020-11-01 00:28:00,401 > debug 모드!
[INFO|logging_pack.py:37] 2020-11-01 00:28:00,401 > info 모드!
[WARNING|logging_pack.py:38] 2020-11-01 00:28:00,402 > warning 모드!
[ERROR|logging_pack.py:39] 2020-11-01 00:28:00,403 > error 모드!
[CRITICAL|logging_pack.py:40] 2020-11-01 00:28:00,404 > critical 모드!
[DEBUG|logging_pack.py:36] 2020-11-01 05:10:35,638 > debug 모드!
[DEBUG|logging_pack.py:36] 2020-11-01 05:10:35,638 > debug 모드!
[DEBUG|logging_pack.py:36] 2020-11-01 05:10:35,638 > debug 모드!
[DEBUG|logging_pack.py:36] 2020-11-01 05:10:35,638 > debug 모드!
[INFO|logging_pack.py:37] 2020-11-01 05:10:35,638 > info 모드!
[INFO|logging_pack.py:37] 2020-11-01 05:10:35,640 > info 모드!
[INFO|logging_pack.py:37] 2020-11-01 05:10:35,640 > info 모드!
[INFO|logging_pack.py:37] 2020-11-01 05:10:35,641 > info 모드!
[WARNING|logging_pack.py:38] 2020-11-01 05:10:35,641 > warning 모드!
[WARNING|logging_pack.py:38] 2020-11-01 05:10:35,642 > warning 모드!
[WARNING|logging_pack.py:38] 2020-11-01 05:10:35,642 > warning 모드!
[WARNING|logging_pack.py:38] 2020-11-01 05:10:35,642 > warning 모드!
[ERROR|logging_pack.py:39] 2020-11-01 05:10:35,643 > error 모드!
[ERROR|logging_pack.py:39] 2020-11-01 05:10:35,643 > error 모드!
[ERROR|logging_pack.py:39] 2020-11-01 05:10:35,644 > error 모드!
[ERROR|logging_pack.py:39] 2020-11-01 05:10:35,644 > error 모드!
[CRITICAL|logging_pack.py:40] 2020-11-01 05:10:35,645 > critical 모드!
[CRITICAL|logging_pack.py:40] 2020-11-01 05:10:35,645 > critical 모드!
[CRITICAL|logging_pack.py:40] 2020-11-01 05:10:35,645 > critical 모드!
[CRITICAL|logging_pack.py:40] 2020-11-01 05:10:35,646 > critical 모드!
[DEBUG|logging_pack.py:36] 2020-11-01 05:10:42,665 > debug 모드!
[INFO|logging_pack.py:37] 2020-11-01 05:10:42,665 > info 모드!
[WARNING|logging_pack.py:38] 2020-11-01 05:10:42,666 > warning 모드!
[ERROR|logging_pack.py:39] 2020-11-01 05:10:42,666 > error 모드!
[CRITICAL|logging_pack.py:40] 2020-11-01 05:10:42,666 > critical 모드!
[DEBUG|logging_pack.py:36] 2020-11-01 05:13:07,177 > debug 모드!
[INFO|logging_pack.py:37] 2020-11-01 05:13:07,178 > info 모드!
[WARNING|logging_pack.py:38] 2020-11-01 05:13:07,180 > warning 모드!
[ERROR|logging_pack.py:39] 2020-11-01 05:13:07,181 > error 모드!
[CRITICAL|logging_pack.py:40] 2020-11-01 05:13:07,181 > critical 모드!
[DEBUG|logging_pack.py:36] 2020-11-01 05:13:07,226 > debug 모드!
[INFO|logging_pack.py:37] 2020-11-01 05:13:07,227 > info 모드!
[WARNING|logging_pack.py:38] 2020-11-01 05:13:07,228 > warning 모드!
[ERROR|logging_pack.py:39] 2020-11-01 05:13:07,229 > error 모드!
[CRITICAL|logging_pack.py:40] 2020-11-01 05:13:07,229 > critical 모드!
[DEBUG|logging_pack.py:36] 2020-11-01 05:13:07,250 > debug 모드!
[INFO|logging_pack.py:37] 2020-11-01 05:13:07,251 > info 모드!
[WARNING|logging_pack.py:38] 2020-11-01 05:13:07,252 > warning 모드!
[ERROR|logging_pack.py:39] 2020-11-01 05:13:07,253 > error 모드!
[CRITICAL|logging_pack.py:40] 2020-11-01 05:13:07,254 > critical 모드!
[DEBUG|logging_pack.py:36] 2020-11-01 05:13:07,325 > debug 모드!
[INFO|logging_pack.py:37] 2020-11-01 05:13:07,326 > info 모드!
[WARNING|logging_pack.py:38] 2020-11-01 05:13:07,327 > warning 모드!
[ERROR|logging_pack.py:39] 2020-11-01 05:13:07,328 > error 모드!
[CRITICAL|logging_pack.py:40] 2020-11-01 05:13:07,329 > critical 모드!
[DEBUG|logging_pack.py:36] 2020-11-01 07:15:05,771 > debug 모드!
[DEBUG|logging_pack.py:36] 2020-11-01 07:15:05,772 > debug 모드!
[DEBUG|logging_pack.py:36] 2020-11-01 07:15:05,773 > debug 모드!
[DEBUG|logging_pack.py:36] 2020-11-01 07:15:05,775 > debug 모드!
[WARNING|logging_pack.py:38] 2020-11-01 07:15:05,775 > warning 모드!
[INFO|logging_pack.py:37] 2020-11-01 07:15:05,775 > info 모드!
[INFO|logging_pack.py:37] 2020-11-01 07:15:05,774 > info 모드!
[INFO|logging_pack.py:37] 2020-11-01 07:15:05,776 > info 모드!
[ERROR|logging_pack.py:39] 2020-11-01 07:15:05,776 > error 모드!
[WARNING|logging_pack.py:38] 2020-11-01 07:15:05,776 > warning 모드!
[WARNING|logging_pack.py:38] 2020-11-01 07:15:05,776 > warning 모드!
[WARNING|logging_pack.py:38] 2020-11-01 07:15:05,777 > warning 모드!
[ERROR|logging_pack.py:39] 2020-11-01 07:15:05,777 > error 모드!
[CRITICAL|logging_pack.py:40] 2020-11-01 07:15:05,777 > critical 모드!
[ERROR|logging_pack.py:39] 2020-11-01 07:15:05,777 > error 모드!
[CRITICAL|logging_pack.py:40] 2020-11-01 07:15:05,778 > critical 모드!
[ERROR|logging_pack.py:39] 2020-11-01 07:15:05,778 > error 모드!
[CRITICAL|logging_pack.py:40] 2020-11-01 07:15:05,780 > critical 모드!
[CRITICAL|logging_pack.py:40] 2020-11-01 07:15:05,780 > critical 모드!
[DEBUG|logging_pack.py:36] 2020-11-01 07:15:23,368 > debug 모드!
[INFO|logging_pack.py:37] 2020-11-01 07:15:23,375 > info 모드!
[DEBUG|logging_pack.py:36] 2020-11-01 07:15:23,380 > debug 모드!
[INFO|logging_pack.py:37] 2020-11-01 07:15:23,383 > info 모드!
[WARNING|logging_pack.py:38] 2020-11-01 07:15:23,387 > warning 모드!
[ERROR|logging_pack.py:39] 2020-11-01 07:15:23,388 > error 모드!
[CRITICAL|logging_pack.py:40] 2020-11-01 07:15:23,388 > critical 모드!
[WARNING|logging_pack.py:38] 2020-11-01 07:15:23,382 > warning 모드!
[ERROR|logging_pack.py:39] 2020-11-01 07:15:23,393 > error 모드!
[DEBUG|logging_pack.py:36] 2020-11-01 07:15:23,394 > debug 모드!
[CRITICAL|logging_pack.py:40] 2020-11-01 07:15:23,394 > critical 모드!
[INFO|logging_pack.py:37] 2020-11-01 07:15:23,394 > info 모드!
[WARNING|logging_pack.py:38] 2020-11-01 07:15:23,396 > warning 모드!
[ERROR|logging_pack.py:39] 2020-11-01 07:15:23,396 > error 모드!
[CRITICAL|logging_pack.py:40] 2020-11-01 07:15:23,398 > critical 모드!
[DEBUG|logging_pack.py:36] 2020-11-01 07:15:23,427 > debug 모드!
[INFO|logging_pack.py:37] 2020-11-01 07:15:23,427 > info 모드!
[WARNING|logging_pack.py:38] 2020-11-01 07:15:23,429 > warning 모드!
[ERROR|logging_pack.py:39] 2020-11-01 07:15:23,429 > error 모드!
[CRITICAL|logging_pack.py:40] 2020-11-01 07:15:23,430 > critical 모드!
[DEBUG|logging_pack.py:36] 2020-11-01 07:18:57,633 > debug 모드!
[INFO|logging_pack.py:37] 2020-11-01 07:18:57,634 > info 모드!
[WARNING|logging_pack.py:38] 2020-11-01 07:18:57,635 > warning 모드!
[ERROR|logging_pack.py:39] 2020-11-01 07:18:57,635 > error 모드!
[CRITICAL|logging_pack.py:40] 2020-11-01 07:18:57,636 > critical 모드!
[DEBUG|logging_pack.py:36] 2020-11-01 07:18:57,640 > debug 모드!
[INFO|logging_pack.py:37] 2020-11-01 07:18:57,641 > info 모드!
[WARNING|logging_pack.py:38] 2020-11-01 07:18:57,642 > warning 모드!
[ERROR|logging_pack.py:39] 2020-11-01 07:18:57,643 > error 모드!
[CRITICAL|logging_pack.py:40] 2020-11-01 07:18:57,643 > critical 모드!
[DEBUG|logging_pack.py:36] 2020-11-01 07:18:57,657 > debug 모드!
[INFO|logging_pack.py:37] 2020-11-01 07:18:57,667 > info 모드!
[WARNING|logging_pack.py:38] 2020-11-01 07:18:57,668 > warning 모드!
[ERROR|logging_pack.py:39] 2020-11-01 07:18:57,670 > error 모드!
[CRITICAL|logging_pack.py:40] 2020-11-01 07:18:57,674 > critical 모드!
[DEBUG|logging_pack.py:36] 2020-11-01 07:18:57,743 > debug 모드!
[INFO|logging_pack.py:37] 2020-11-01 07:18:57,758 > info 모드!
[WARNING|logging_pack.py:38] 2020-11-01 07:18:57,761 > warning 모드!
[ERROR|logging_pack.py:39] 2020-11-01 07:18:57,769 > error 모드!
[CRITICAL|logging_pack.py:40] 2020-11-01 07:18:57,775 > critical 모드!
[DEBUG|logging_pack.py:36] 2020-11-01 08:15:23,088 > debug 모드!
[INFO|logging_pack.py:37] 2020-11-01 08:15:23,091 > info 모드!
[WARNING|logging_pack.py:38] 2020-11-01 08:15:23,091 > warning 모드!
[ERROR|logging_pack.py:39] 2020-11-01 08:15:23,091 > error 모드!
[CRITICAL|logging_pack.py:40] 2020-11-01 08:15:23,091 > critical 모드!
[DEBUG|logging_pack.py:36] 2020-11-01 08:24:50,700 > debug 모드!
[INFO|logging_pack.py:37] 2020-11-01 08:24:50,701 > info 모드!
[WARNING|logging_pack.py:38] 2020-11-01 08:24:50,701 > warning 모드!
[ERROR|logging_pack.py:39] 2020-11-01 08:24:50,701 > error 모드!
[CRITICAL|logging_pack.py:40] 2020-11-01 08:24:50,701 > critical 모드!
[DEBUG|logging_pack.py:36] 2020-11-01 08:30:36,840 > debug 모드!
[INFO|logging_pack.py:37] 2020-11-01 08:30:36,840 > info 모드!
[WARNING|logging_pack.py:38] 2020-11-01 08:30:36,840 > warning 모드!
[ERROR|logging_pack.py:39] 2020-11-01 08:30:36,841 > error 모드!
[CRITICAL|logging_pack.py:40] 2020-11-01 08:30:36,841 > critical 모드!
[DEBUG|logging_pack.py:36] 2020-11-01 08:33:23,618 > debug 모드!
[INFO|logging_pack.py:37] 2020-11-01 08:33:23,619 > info 모드!
[WARNING|logging_pack.py:38] 2020-11-01 08:33:23,619 > warning 모드!
[ERROR|logging_pack.py:39] 2020-11-01 08:33:23,619 > error 모드!
[CRITICAL|logging_pack.py:40] 2020-11-01 08:33:23,619 > critical 모드!
[DEBUG|logging_pack.py:36] 2020-11-01 08:33:56,778 > debug 모드!
[INFO|logging_pack.py:37] 2020-11-01 08:33:56,778 > info 모드!
[WARNING|logging_pack.py:38] 2020-11-01 08:33:56,779 > warning 모드!
[ERROR|logging_pack.py:39] 2020-11-01 08:33:56,779 > error 모드!
[CRITICAL|logging_pack.py:40] 2020-11-01 08:33:56,779 > critical 모드!
[DEBUG|logging_pack.py:36] 2020-11-01 08:36:25,029 > debug 모드!
[INFO|logging_pack.py:37] 2020-11-01 08:36:25,030 > info 모드!
[WARNING|logging_pack.py:38] 2020-11-01 08:36:25,030 > warning 모드!
[ERROR|logging_pack.py:39] 2020-11-01 08:36:25,030 > error 모드!
[CRITICAL|logging_pack.py:40] 2020-11-01 08:36:25,031 > critical 모드!
[DEBUG|logging_pack.py:36] 2020-11-01 09:22:51,436 > debug 모드!
[INFO|logging_pack.py:37] 2020-11-01 09:22:51,436 > info 모드!
[WARNING|logging_pack.py:38] 2020-11-01 09:22:51,437 > warning 모드!
[ERROR|logging_pack.py:39] 2020-11-01 09:22:51,437 > error 모드!
[CRITICAL|logging_pack.py:40] 2020-11-01 09:22:51,437 > critical 모드!
[DEBUG|logging_pack.py:36] 2020-11-01 09:23:51,193 > debug 모드!
[INFO|logging_pack.py:37] 2020-11-01 09:23:51,193 > info 모드!
[WARNING|logging_pack.py:38] 2020-11-01 09:23:51,193 > warning 모드!
[ERROR|logging_pack.py:39] 2020-11-01 09:23:51,193 > error 모드!
[CRITICAL|logging_pack.py:40] 2020-11-01 09:23:51,194 > critical 모드!
[DEBUG|logging_pack.py:36] 2020-11-01 09:28:01,258 > debug 모드!
[INFO|logging_pack.py:37] 2020-11-01 09:28:01,258 > info 모드!
[WARNING|logging_pack.py:38] 2020-11-01 09:28:01,259 > warning 모드!
[ERROR|logging_pack.py:39] 2020-11-01 09:28:01,259 > error 모드!
[CRITICAL|logging_pack.py:40] 2020-11-01 09:28:01,259 > critical 모드!
[DEBUG|logging_pack.py:36] 2020-11-01 10:07:36,891 > debug 모드!
[INFO|logging_pack.py:37] 2020-11-01 10:07:36,891 > info 모드!
[WARNING|logging_pack.py:38] 2020-11-01 10:07:36,891 > warning 모드!
[ERROR|logging_pack.py:39] 2020-11-01 10:07:36,892 > error 모드!
[CRITICAL|logging_pack.py:40] 2020-11-01 10:07:36,892 > critical 모드!
[DEBUG|logging_pack.py:36] 2020-11-01 10:09:39,577 > debug 모드!
[INFO|logging_pack.py:37] 2020-11-01 10:09:39,578 > info 모드!
[WARNING|logging_pack.py:38] 2020-11-01 10:09:39,578 > warning 모드!
[ERROR|logging_pack.py:39] 2020-11-01 10:09:39,578 > error 모드!
[CRITICAL|logging_pack.py:40] 2020-11-01 10:09:39,578 > critical 모드!
[DEBUG|logging_pack.py:36] 2020-11-01 10:10:51,131 > debug 모드!
[INFO|logging_pack.py:37] 2020-11-01 10:10:51,131 > info 모드!
[WARNING|logging_pack.py:38] 2020-11-01 10:10:51,131 > warning 모드!
[ERROR|logging_pack.py:39] 2020-11-01 10:10:51,132 > error 모드!
[CRITICAL|logging_pack.py:40] 2020-11-01 10:10:51,132 > critical 모드!
[DEBUG|logging_pack.py:36] 2020-11-01 10:11:32,879 > debug 모드!
[DEBUG|logging_pack.py:36] 2020-11-01 10:11:32,879 > debug 모드!
[INFO|logging_pack.py:37] 2020-11-01 10:11:32,882 > info 모드!
[INFO|logging_pack.py:37] 2020-11-01 10:11:32,880 > info 모드!
[WARNING|logging_pack.py:38] 2020-11-01 10:11:32,885 > warning 모드!
[WARNING|logging_pack.py:38] 2020-11-01 10:11:32,883 > warning 모드!
[ERROR|logging_pack.py:39] 2020-11-01 10:11:32,885 > error 모드!
[ERROR|logging_pack.py:39] 2020-11-01 10:11:32,886 > error 모드!
[DEBUG|logging_pack.py:36] 2020-11-01 10:11:32,887 > debug 모드!
[CRITICAL|logging_pack.py:40] 2020-11-01 10:11:32,887 > critical 모드!
[CRITICAL|logging_pack.py:40] 2020-11-01 10:11:32,888 > critical 모드!
[INFO|logging_pack.py:37] 2020-11-01 10:11:32,888 > info 모드!
[WARNING|logging_pack.py:38] 2020-11-01 10:11:32,889 > warning 모드!
[ERROR|logging_pack.py:39] 2020-11-01 10:11:32,891 > error 모드!
[CRITICAL|logging_pack.py:40] 2020-11-01 10:11:32,892 > critical 모드!
[DEBUG|logging_pack.py:36] 2020-11-01 10:11:32,919 > debug 모드!
[INFO|logging_pack.py:37] 2020-11-01 10:11:32,920 > info 모드!
[WARNING|logging_pack.py:38] 2020-11-01 10:11:32,920 > warning 모드!
[ERROR|logging_pack.py:39] 2020-11-01 10:11:32,921 > error 모드!
[CRITICAL|logging_pack.py:40] 2020-11-01 10:11:32,922 > critical 모드!
[DEBUG|logging_pack.py:36] 2020-11-01 10:24:25,190 > debug 모드!
[INFO|logging_pack.py:37] 2020-11-01 10:24:25,190 > info 모드!
[WARNING|logging_pack.py:38] 2020-11-01 10:24:25,192 > warning 모드!
[DEBUG|logging_pack.py:36] 2020-11-01 10:24:25,193 > debug 모드!
[INFO|logging_pack.py:37] 2020-11-01 10:24:25,194 > info 모드!
[WARNING|logging_pack.py:38] 2020-11-01 10:24:25,194 > warning 모드!
[ERROR|logging_pack.py:39] 2020-11-01 10:24:25,193 > error 모드!
[ERROR|logging_pack.py:39] 2020-11-01 10:24:25,198 > error 모드!
[CRITICAL|logging_pack.py:40] 2020-11-01 10:24:25,198 > critical 모드!
[CRITICAL|logging_pack.py:40] 2020-11-01 10:24:25,199 > critical 모드!
[DEBUG|logging_pack.py:36] 2020-11-01 10:24:25,203 > debug 모드!
[INFO|logging_pack.py:37] 2020-11-01 10:24:25,204 > info 모드!
[WARNING|logging_pack.py:38] 2020-11-01 10:24:25,205 > warning 모드!
[ERROR|logging_pack.py:39] 2020-11-01 10:24:25,205 > error 모드!
[CRITICAL|logging_pack.py:40] 2020-11-01 10:24:25,206 > critical 모드!
[DEBUG|logging_pack.py:36] 2020-11-01 10:24:25,226 > debug 모드!
[INFO|logging_pack.py:37] 2020-11-01 10:24:25,227 > info 모드!
[WARNING|logging_pack.py:38] 2020-11-01 10:24:25,228 > warning 모드!
[ERROR|logging_pack.py:39] 2020-11-01 10:24:25,229 > error 모드!
[CRITICAL|logging_pack.py:40] 2020-11-01 10:24:25,231 > critical 모드!
[DEBUG|logging_pack.py:36] 2020-11-01 10:25:11,473 > debug 모드!
[INFO|logging_pack.py:37] 2020-11-01 10:25:11,473 > info 모드!
[WARNING|logging_pack.py:38] 2020-11-01 10:25:11,473 > warning 모드!
[ERROR|logging_pack.py:39] 2020-11-01 10:25:11,474 > error 모드!
[CRITICAL|logging_pack.py:40] 2020-11-01 10:25:11,474 > critical 모드!
[DEBUG|logging_pack.py:36] 2020-11-01 10:26:02,369 > debug 모드!
[INFO|logging_pack.py:37] 2020-11-01 10:26:02,369 > info 모드!
[WARNING|logging_pack.py:38] 2020-11-01 10:26:02,369 > warning 모드!
[ERROR|logging_pack.py:39] 2020-11-01 10:26:02,370 > error 모드!
[CRITICAL|logging_pack.py:40] 2020-11-01 10:26:02,370 > critical 모드!
[DEBUG|logging_pack.py:36] 2020-11-01 10:26:16,022 > debug 모드!
[INFO|logging_pack.py:37] 2020-11-01 10:26:16,023 > info 모드!
[WARNING|logging_pack.py:38] 2020-11-01 10:26:16,024 > warning 모드!
[ERROR|logging_pack.py:39] 2020-11-01 10:26:16,025 > error 모드!
[CRITICAL|logging_pack.py:40] 2020-11-01 10:26:16,025 > critical 모드!
[DEBUG|logging_pack.py:36] 2020-11-01 10:26:16,087 > debug 모드!
[INFO|logging_pack.py:37] 2020-11-01 10:26:16,089 > info 모드!
[WARNING|logging_pack.py:38] 2020-11-01 10:26:16,090 > warning 모드!
[ERROR|logging_pack.py:39] 2020-11-01 10:26:16,091 > error 모드!
[CRITICAL|logging_pack.py:40] 2020-11-01 10:26:16,091 > critical 모드!
[DEBUG|logging_pack.py:36] 2020-11-01 10:26:16,109 > debug 모드!
[INFO|logging_pack.py:37] 2020-11-01 10:26:16,110 > info 모드!
[WARNING|logging_pack.py:38] 2020-11-01 10:26:16,111 > warning 모드!
[ERROR|logging_pack.py:39] 2020-11-01 10:26:16,112 > error 모드!
[CRITICAL|logging_pack.py:40] 2020-11-01 10:26:16,112 > critical 모드!
[DEBUG|logging_pack.py:36] 2020-11-01 10:26:16,231 > debug 모드!
[INFO|logging_pack.py:37] 2020-11-01 10:26:16,233 > info 모드!
[WARNING|logging_pack.py:38] 2020-11-01 10:26:16,234 > warning 모드!
[ERROR|logging_pack.py:39] 2020-11-01 10:26:16,235 > error 모드!
[CRITICAL|logging_pack.py:40] 2020-11-01 10:26:16,236 > critical 모드!
[DEBUG|logging_pack.py:36] 2020-11-01 10:28:19,309 > debug 모드!
[INFO|logging_pack.py:37] 2020-11-01 10:28:19,310 > info 모드!
[WARNING|logging_pack.py:38] 2020-11-01 10:28:19,311 > warning 모드!
[ERROR|logging_pack.py:39] 2020-11-01 10:28:19,312 > error 모드!
[CRITICAL|logging_pack.py:40] 2020-11-01 10:28:19,312 > critical 모드!
[DEBUG|logging_pack.py:36] 2020-11-01 10:28:19,349 > debug 모드!
[INFO|logging_pack.py:37] 2020-11-01 10:28:19,351 > info 모드!
[WARNING|logging_pack.py:38] 2020-11-01 10:28:19,354 > warning 모드!
[ERROR|logging_pack.py:39] 2020-11-01 10:28:19,355 > error 모드!
[CRITICAL|logging_pack.py:40] 2020-11-01 10:28:19,356 > critical 모드!
[DEBUG|logging_pack.py:36] 2020-11-01 10:28:19,394 > debug 모드!
[INFO|logging_pack.py:37] 2020-11-01 10:28:19,395 > info 모드!
[WARNING|logging_pack.py:38] 2020-11-01 10:28:19,396 > warning 모드!
[ERROR|logging_pack.py:39] 2020-11-01 10:28:19,396 > error 모드!
[CRITICAL|logging_pack.py:40] 2020-11-01 10:28:19,397 > critical 모드!
[DEBUG|logging_pack.py:36] 2020-11-01 10:28:19,472 > debug 모드!
[INFO|logging_pack.py:37] 2020-11-01 10:28:19,473 > info 모드!
[WARNING|logging_pack.py:38] 2020-11-01 10:28:19,474 > warning 모드!
[ERROR|logging_pack.py:39] 2020-11-01 10:28:19,475 > error 모드!
[CRITICAL|logging_pack.py:40] 2020-11-01 10:28:19,475 > critical 모드!
[DEBUG|logging_pack.py:36] 2020-11-01 10:39:40,867 > debug 모드!
[INFO|logging_pack.py:37] 2020-11-01 10:39:40,869 > info 모드!
[WARNING|logging_pack.py:38] 2020-11-01 10:39:40,869 > warning 모드!
[ERROR|logging_pack.py:39] 2020-11-01 10:39:40,870 > error 모드!
[CRITICAL|logging_pack.py:40] 2020-11-01 10:39:40,871 > critical 모드!
[DEBUG|logging_pack.py:36] 2020-11-01 10:39:40,878 > debug 모드!
[INFO|logging_pack.py:37] 2020-11-01 10:39:40,879 > info 모드!
[WARNING|logging_pack.py:38] 2020-11-01 10:39:40,879 > warning 모드!
[ERROR|logging_pack.py:39] 2020-11-01 10:39:40,881 > error 모드!
[CRITICAL|logging_pack.py:40] 2020-11-01 10:39:40,882 > critical 모드!
[DEBUG|logging_pack.py:36] 2020-11-01 10:39:40,910 > debug 모드!
[INFO|logging_pack.py:37] 2020-11-01 10:39:40,911 > info 모드!
[WARNING|logging_pack.py:38] 2020-11-01 10:39:40,913 > warning 모드!
[ERROR|logging_pack.py:39] 2020-11-01 10:39:40,915 > error 모드!
[CRITICAL|logging_pack.py:40] 2020-11-01 10:39:40,916 > critical 모드!
[DEBUG|logging_pack.py:36] 2020-11-01 10:39:40,950 > debug 모드!
[INFO|logging_pack.py:37] 2020-11-01 10:39:40,951 > info 모드!
[WARNING|logging_pack.py:38] 2020-11-01 10:39:40,952 > warning 모드!
[ERROR|logging_pack.py:39] 2020-11-01 10:39:40,952 > error 모드!
[CRITICAL|logging_pack.py:40] 2020-11-01 10:39:40,953 > critical 모드!
[DEBUG|logging_pack.py:36] 2020-11-01 10:48:35,034 > debug 모드!
[INFO|logging_pack.py:37] 2020-11-01 10:48:35,038 > info 모드!
[WARNING|logging_pack.py:38] 2020-11-01 10:48:35,039 > warning 모드!
[DEBUG|logging_pack.py:36] 2020-11-01 10:48:35,039 > debug 모드!
[ERROR|logging_pack.py:39] 2020-11-01 10:48:35,040 > error 모드!
[INFO|logging_pack.py:37] 2020-11-01 10:48:35,041 > info 모드!
 모드!
[WARNING|logging_pack.py:38] 2020-11-01 10:48:35,042 > warning 모드!
[ERROR|logging_pack.py:39] 2020-11-01 10:48:35,043 > error 모드!
[CRITICAL|logging_pack.py:40] 2020-11-01 10:48:35,044 > critical 모드!
[DEBUG|logging_pack.py:36] 2020-11-01 10:48:35,048 > debug 모드!
[INFO|logging_pack.py:37] 2020-11-01 10:48:35,049 > info 모드!
[WARNING|logging_pack.py:38] 2020-11-01 10:48:35,049 > warning 모드!
[ERROR|logging_pack.py:39] 2020-11-01 10:48:35,050 > error 모드!
[CRITICAL|logging_pack.py:40] 2020-11-01 10:48:35,051 > critical 모드!
[DEBUG|logging_pack.py:36] 2020-11-01 10:48:35,067 > debug 모드!
[INFO|logging_pack.py:37] 2020-11-01 10:48:35,068 > info 모드!
[WARNING|logging_pack.py:38] 2020-11-01 10:48:35,070 > warning 모드!
[ERROR|logging_pack.py:39] 2020-11-01 10:48:35,072 > error 모드!
[CRITICAL|logging_pack.py:40] 2020-11-01 10:48:35,073 > critical 모드!
[DEBUG|logging_pack.py:36] 2020-11-01 10:52:37,457 > debug 모드!
[INFO|logging_pack.py:37] 2020-11-01 10:52:37,457 > info 모드!
[WARNING|logging_pack.py:38] 2020-11-01 10:52:37,462 > warning 모드!
[ERROR|logging_pack.py:39] 2020-11-01 10:52:37,465 > error 모드!
[DEBUG|logging_pack.py:36] 2020-11-01 10:52:37,466 > debug 모드!
[INFO|logging_pack.py:37] 2020-11-01 10:52:37,468 > info 모드!
[WARNING|logging_pack.py:38] 2020-11-01 10:52:37,469 > warning 모드!
[CRITICAL|logging_pack.py:40] 2020-11-01 10:52:37,466 > critical 모드!
[ERROR|logging_pack.py:39] 2020-11-01 10:52:37,471 > error 모드!
[CRITICAL|logging_pack.py:40] 2020-11-01 10:52:37,472 > critical 모드!
[DEBUG|logging_pack.py:36] 2020-11-01 10:52:37,475 > debug 모드!
[INFO|logging_pack.py:37] 2020-11-01 10:52:37,476 > info 모드!
[WARNING|logging_pack.py:38] 2020-11-01 10:52:37,477 > warning 모드!
[ERROR|logging_pack.py:39] 2020-11-01 10:52:37,480 > error 모드!
[CRITICAL|logging_pack.py:40] 2020-11-01 10:52:37,484 > critical 모드!
[DEBUG|logging_pack.py:36] 2020-11-01 10:52:37,536 > debug 모드!
[INFO|logging_pack.py:37] 2020-11-01 10:52:37,536 > info 모드!
[WARNING|logging_pack.py:38] 2020-11-01 10:52:37,539 > warning 모드!
[ERROR|logging_pack.py:39] 2020-11-01 10:52:37,540 > error 모드!
[CRITICAL|logging_pack.py:40] 2020-11-01 10:52:37,541 > critical 모드!
[DEBUG|logging_pack.py:36] 2020-11-01 13:09:24,518 > debug 모드!
[DEBUG|logging_pack.py:36] 2020-11-01 13:09:24,518 > debug 모드!
[INFO|logging_pack.py:37] 2020-11-01 13:09:24,520 > info 모드!
[INFO|logging_pack.py:37] 2020-11-01 13:09:24,520 > info 모드!
[DEBUG|logging_pack.py:36] 2020-11-01 13:09:24,518 > debug 모드!
[WARNING|logging_pack.py:38] 2020-11-01 13:09:24,521 > warning 모드!
[INFO|logging_pack.py:37] 2020-11-01 13:09:24,520 > info 모드!
[WARNING|logging_pack.py:38] 2020-11-01 13:09:24,521 > warning 모드!
[INFO|logging_pack.py:37] 2020-11-01 13:09:24,522 > info 모드!
[ERROR|logging_pack.py:39] 2020-11-01 13:09:24,523 > error 모드!
[WARNING|logging_pack.py:38] 2020-11-01 13:09:24,523 > warning 모드!
[ERROR|logging_pack.py:39] 2020-11-01 13:09:24,523 > error 모드!
[WARNING|logging_pack.py:38] 2020-11-01 13:09:24,524 > warning 모드!
[CRITICAL|logging_pack.py:40] 2020-11-01 13:09:24,524 > critical 모드!
[ERROR|logging_pack.py:39] 2020-11-01 13:09:24,525 > error 모드!
[CRITICAL|logging_pack.py:40] 2020-11-01 13:09:24,525 > critical 모드!
[ERROR|logging_pack.py:39] 2020-11-01 13:09:24,526 > error 모드!
[CRITICAL|logging_pack.py:40] 2020-11-01 13:09:24,528 > critical 모드!
[CRITICAL|logging_pack.py:40] 2020-11-01 13:09:24,526 > critical 모드!
[DEBUG|logging_pack.py:36] 2020-11-01 15:50:04,975 > debug 모드!
[INFO|logging_pack.py:37] 2020-11-01 15:50:04,989 > info 모드!
[INFO|logging_pack.py:37] 2020-11-01 15:50:04,988 > info 모드!
[INFO|logging_pack.py:37] 2020-11-01 15:50:04,988 > info 모드!
[INFO|logging_pack.py:37] 2020-11-01 15:50:04,989 > info 모드!
[WARNING|logging_pack.py:38] 2020-11-01 15:50:04,991 > warning 모드!
[WARNING|logging_pack.py:38] 2020-11-01 15:50:04,991 > warning 모드!
[ERROR|logging_pack.py:39] 2020-11-01 15:50:04,992 > error 모드!
[CRITICAL|logging_pack.py:40] 2020-11-01 15:50:04,994 > critical 모드!
[WARNING|logging_pack.py:38] 2020-11-01 15:50:04,990 > warning 모드!
[ERROR|logging_pack.py:39] 2020-11-01 15:50:04,996 > error 모드!
[WARNING|logging_pack.py:38] 2020-11-01 15:50:04,991 > warning 모드!
[ERROR|logging_pack.py:39] 2020-11-01 15:50:04,992 > error 모드!
[CRITICAL|logging_pack.py:40] 2020-11-01 15:50:04,996 > critical 모드!
[CRITICAL|logging_pack.py:40] 2020-11-01 15:50:04,998 > critical 모드!
[ERROR|logging_pack.py:39] 2020-11-01 15:50:04,997 > error 모드!
[CRITICAL|logging_pack.py:40] 2020-11-01 15:50:05,001 > critical 모드!
